Build started 1/11/2012 5:42:52 PM.
     1>Project "C:\Programming\Projects\Gray\gray\Gray.vcxproj" on node 2 (build target(s)).
     1>InitializeBuildStatus:
         Creating "Debug\Gray.unsuccessfulbuild" because "AlwaysCreate" was specified.
       ClCompile:
         c:\Program Files (x86)\Microsoft Visual Studio 10.0\VC\bin\CL.exe /c /ZI /nologo /W3 /WX- /Od /Oy- /D WIN32 /D _DEBUG /D _CONSOLE /D _UNICODE /D UNICODE /Gm /EHsc /RTC1 /MDd /GS /fp:precise /Zc:wchar_t /Zc:forScope /Fo"Debug\\" /Fd"Debug\vc100.pdb" /Gd /TP /analyze- /errorReport:prompt Button.cpp Control.cpp Cursor.cpp Engine.cpp GameState.cpp GameStateManager.cpp InterfaceManager.cpp IntroState.cpp Label.cpp LinkLabel.cpp Logger.cpp main.cpp MenuState.cpp PictureBox.cpp ResourceCache.cpp Shapes.cpp Sprite.cpp SpriteBatch.cpp TestState.cpp Timer.cpp Utility.cpp
         Utility.cpp
         Timer.cpp
         TestState.cpp
         SpriteBatch.cpp
     1>c:\programming\projects\gray\gray\spritebatch.cpp(35): warning C4018: '<' : signed/unsigned mismatch
         Sprite.cpp
         Shapes.cpp
     1>c:\programming\projects\gray\gray\shapes.cpp(15): warning C4244: 'argument' : conversion from 'const float' to 'int', possible loss of data
     1>c:\programming\projects\gray\gray\shapes.cpp(15): warning C4244: 'argument' : conversion from 'const float' to 'int', possible loss of data
     1>c:\programming\projects\gray\gray\shapes.cpp(25): warning C4244: 'argument' : conversion from 'const float' to 'int', possible loss of data
     1>c:\programming\projects\gray\gray\shapes.cpp(25): warning C4244: 'argument' : conversion from 'const float' to 'int', possible loss of data
     1>c:\programming\projects\gray\gray\shapes.cpp(210): warning C4244: 'argument' : conversion from 'const float' to 'int', possible loss of data
     1>c:\programming\projects\gray\gray\shapes.cpp(210): warning C4244: 'argument' : conversion from 'const float' to 'int', possible loss of data
     1>c:\programming\projects\gray\gray\shapes.cpp(210): warning C4244: 'argument' : conversion from 'const float' to 'int', possible loss of data
     1>c:\programming\projects\gray\gray\shapes.cpp(220): warning C4244: 'argument' : conversion from 'const float' to 'int', possible loss of data
     1>c:\programming\projects\gray\gray\shapes.cpp(220): warning C4244: 'argument' : conversion from 'const float' to 'int', possible loss of data
     1>c:\programming\projects\gray\gray\shapes.cpp(220): warning C4244: 'argument' : conversion from 'const float' to 'int', possible loss of data
     1>c:\programming\projects\gray\gray\shapes.cpp(304): warning C4244: 'initializing' : conversion from 'float' to 'int', possible loss of data
         ResourceCache.cpp
         PictureBox.cpp
     1>c:\programming\projects\gray\gray\picturebox.cpp(34): warning C4244: 'argument' : conversion from 'unsigned int' to 'float', possible loss of data
     1>c:\programming\projects\gray\gray\picturebox.cpp(34): warning C4244: 'argument' : conversion from 'unsigned int' to 'float', possible loss of data
         MenuState.cpp
         main.cpp
         Logger.cpp
     1>c:\programming\projects\gray\gray\logger.cpp(36): warning C4996: 'localtime': This function or variable may be unsafe. Consider using localtime_s instead. To disable deprecation, use _CRT_SECURE_NO_WARNINGS. See online help for details.
                 c:\program files (x86)\microsoft visual studio 10.0\vc\include\time.inl(112) : see declaration of 'localtime'
         LinkLabel.cpp
         Label.cpp
         IntroState.cpp
         InterfaceManager.cpp
     1>c:\programming\projects\gray\gray\interfacemanager.cpp(25): warning C4018: '<' : signed/unsigned mismatch
     1>c:\programming\projects\gray\gray\interfacemanager.cpp(32): warning C4018: '<' : signed/unsigned mismatch
     1>c:\programming\projects\gray\gray\interfacemanager.cpp(41): warning C4482: nonstandard extension used: enum 'sf::Mouse::Button' used in qualified name
     1>c:\programming\projects\gray\gray\interfacemanager.cpp(43): warning C4018: '<' : signed/unsigned mismatch
     1>c:\programming\projects\gray\gray\interfacemanager.cpp(46): warning C4018: '<' : signed/unsigned mismatch
     1>c:\programming\projects\gray\gray\interfacemanager.cpp(55): warning C4018: '<' : signed/unsigned mismatch
         GameStateManager.cpp
         GameState.cpp
         Engine.cpp
         Cursor.cpp
         Control.cpp
         Generating Code...
         Compiling...
         Button.cpp
     1>c:\programming\projects\gray\gray\button.cpp(47): warning C4244: 'argument' : conversion from 'float' to 'int', possible loss of data
     1>c:\programming\projects\gray\gray\button.cpp(47): warning C4244: 'argument' : conversion from 'float' to 'int', possible loss of data
     1>c:\programming\projects\gray\gray\button.cpp(50): warning C4244: 'argument' : conversion from 'float' to 'int', possible loss of data
     1>c:\programming\projects\gray\gray\button.cpp(50): warning C4244: 'argument' : conversion from 'float' to 'int', possible loss of data
     1>c:\programming\projects\gray\gray\button.cpp(50): warning C4244: 'argument' : conversion from 'float' to 'int', possible loss of data
         Generating Code...
       ManifestResourceCompile:
         C:\Program Files (x86)\Microsoft SDKs\Windows\v7.0A\bin\rc.exe /nologo /fo"Debug\Gray.exe.embed.manifest.res" Debug\Gray_manifest.rc 
       Link:
         c:\Program Files (x86)\Microsoft Visual Studio 10.0\VC\bin\link.exe /ERRORREPORT:PROMPT /OUT:"C:\Programming\Projects\Gray\Debug\Gray.exe" /INCREMENTAL /NOLOGO "sfml-system-d.lib" "sfml-window-d.lib" "sfml-audio-d.lib" "sfml-graphics-d.lib" "sfml-network-d.lib" kernel32.lib user32.lib gdi32.lib winspool.lib comdlg32.lib advapi32.lib shell32.lib ole32.lib oleaut32.lib uuid.lib odbc32.lib odbccp32.lib /MANIFEST /ManifestFile:"Debug\Gray.exe.intermediate.manifest" /MANIFESTUAC:"level='asInvoker' uiAccess='false'" /DEBUG /PDB:"C:\Programming\Projects\Gray\Debug\Gray.pdb" /SUBSYSTEM:CONSOLE /TLBID:1 /DYNAMICBASE /NXCOMPAT /IMPLIB:"C:\Programming\Projects\Gray\Debug\Gray.lib" /MACHINE:X86 Debug\Gray.exe.embed.manifest.res
         Debug\Button.obj
         Debug\Control.obj
         Debug\Cursor.obj
         Debug\Engine.obj
         Debug\GameState.obj
         Debug\GameStateManager.obj
         Debug\InterfaceManager.obj
         Debug\IntroState.obj
         Debug\Label.obj
         Debug\LinkLabel.obj
         Debug\Logger.obj
         Debug\main.obj
         Debug\MenuState.obj
         Debug\PictureBox.obj
         Debug\ResourceCache.obj
         Debug\Shapes.obj
         Debug\Sprite.obj
         Debug\SpriteBatch.obj
         Debug\TestState.obj
         Debug\Timer.obj
         Debug\Utility.obj
       Manifest:
         C:\Program Files (x86)\Microsoft SDKs\Windows\v7.0A\bin\mt.exe /nologo /verbose /out:"Debug\Gray.exe.embed.manifest" /manifest Debug\Gray.exe.intermediate.manifest
         C:\Program Files (x86)\Microsoft SDKs\Windows\v7.0A\bin\rc.exe /nologo /fo"Debug\Gray.exe.embed.manifest.res" Debug\Gray_manifest.rc 
       LinkEmbedManifest:
         c:\Program Files (x86)\Microsoft Visual Studio 10.0\VC\bin\link.exe /ERRORREPORT:PROMPT /OUT:"C:\Programming\Projects\Gray\Debug\Gray.exe" /INCREMENTAL /NOLOGO "sfml-system-d.lib" "sfml-window-d.lib" "sfml-audio-d.lib" "sfml-graphics-d.lib" "sfml-network-d.lib" kernel32.lib user32.lib gdi32.lib winspool.lib comdlg32.lib advapi32.lib shell32.lib ole32.lib oleaut32.lib uuid.lib odbc32.lib odbccp32.lib /MANIFEST /ManifestFile:"Debug\Gray.exe.intermediate.manifest" /MANIFESTUAC:"level='asInvoker' uiAccess='false'" /DEBUG /PDB:"C:\Programming\Projects\Gray\Debug\Gray.pdb" /SUBSYSTEM:CONSOLE /TLBID:1 /DYNAMICBASE /NXCOMPAT /IMPLIB:"C:\Programming\Projects\Gray\Debug\Gray.lib" /MACHINE:X86 Debug\Gray.exe.embed.manifest.res
         Debug\Button.obj
         Debug\Control.obj
         Debug\Cursor.obj
         Debug\Engine.obj
         Debug\GameState.obj
         Debug\GameStateManager.obj
         Debug\InterfaceManager.obj
         Debug\IntroState.obj
         Debug\Label.obj
         Debug\LinkLabel.obj
         Debug\Logger.obj
         Debug\main.obj
         Debug\MenuState.obj
         Debug\PictureBox.obj
         Debug\ResourceCache.obj
         Debug\Shapes.obj
         Debug\Sprite.obj
         Debug\SpriteBatch.obj
         Debug\TestState.obj
         Debug\Timer.obj
         Debug\Utility.obj
         Gray.vcxproj -> C:\Programming\Projects\Gray\Debug\Gray.exe
       FinalizeBuildStatus:
         Deleting file "Debug\Gray.unsuccessfulbuild".
         Touching "Debug\Gray.lastbuildstate".
     1>Done Building Project "C:\Programming\Projects\Gray\gray\Gray.vcxproj" (build target(s)).

Build succeeded.

Time Elapsed 00:00:33.38
